{
  "numFailedTestSuites": 0,
  "numFailedTests": 0,
  "numPassedTestSuites": 2,
  "numPassedTests": 8,
  "numPendingTestSuites": 0,
  "numPendingTests": 0,
  "numRuntimeErrorTestSuites": 0,
  "numTodoTests": 0,
  "numTotalTestSuites": 2,
  "numTotalTests": 8,
  "openHandles": [],
  "snapshot": {
    "added": 0,
    "didUpdate": false,
    "failure": false,
    "filesAdded": 0,
    "filesRemoved": 0,
    "filesRemovedList": [],
    "filesUnmatched": 0,
    "filesUpdated": 0,
    "matched": 0,
    "total": 0,
    "unchecked": 0,
    "uncheckedKeysByFile": [],
    "unmatched": 0,
    "updated": 0
  },
  "startTime": 1750826914901,
  "success": true,
  "testResults": [
    {
      "assertionResults": [
        {
          "ancestorTitles": ["SalesByChannelChart"],
          "duration": 33,
          "failing": false,
          "failureDetails": [],
          "failureMessages": [],
          "fullName": "SalesByChannelChart renders without crashing with data",
          "invocations": 1,
          "location": null,
          "numPassingAsserts": 1,
          "retryReasons": [],
          "startAt": 1750826917052,
          "status": "passed",
          "title": "renders without crashing with data"
        },
        {
          "ancestorTitles": ["SalesByChannelChart"],
          "duration": 8,
          "failing": false,
          "failureDetails": [],
          "failureMessages": [],
          "fullName": "SalesByChannelChart displays a message when no data is provided",
          "invocations": 1,
          "location": null,
          "numPassingAsserts": 1,
          "retryReasons": [],
          "startAt": 1750826917086,
          "status": "passed",
          "title": "displays a message when no data is provided"
        },
        {
          "ancestorTitles": ["SalesByChannelChart"],
          "duration": 4,
          "failing": false,
          "failureDetails": [],
          "failureMessages": [],
          "fullName": "SalesByChannelChart renders bars for each channel (conceptual)",
          "invocations": 1,
          "location": null,
          "numPassingAsserts": 2,
          "retryReasons": [],
          "startAt": 1750826917095,
          "status": "passed",
          "title": "renders bars for each channel (conceptual)"
        },
        {
          "ancestorTitles": ["SalesByChannelChart"],
          "duration": 3,
          "failing": false,
          "failureDetails": [],
          "failureMessages": [],
          "fullName": "SalesByChannelChart displays channel names (conceptual)",
          "invocations": 1,
          "location": null,
          "numPassingAsserts": 1,
          "retryReasons": [],
          "startAt": 1750826917100,
          "status": "passed",
          "title": "displays channel names (conceptual)"
        }
      ],
      "endTime": 1750826917105,
      "message": "",
      "name": "/app/components/__tests__/SalesByChannelChart.test.tsx",
      "startTime": 1750826916162,
      "status": "passed",
      "summary": ""
    },
    {
      "assertionResults": [
        {
          "ancestorTitles": ["DailySalesChart"],
          "duration": 55,
          "failing": false,
          "failureDetails": [],
          "failureMessages": [],
          "fullName": "DailySalesChart renders without crashing with data",
          "invocations": 1,
          "location": null,
          "numPassingAsserts": 1,
          "retryReasons": [],
          "startAt": 1750826917051,
          "status": "passed",
          "title": "renders without crashing with data"
        },
        {
          "ancestorTitles": ["DailySalesChart"],
          "duration": 8,
          "failing": false,
          "failureDetails": [],
          "failureMessages": [],
          "fullName": "DailySalesChart displays a message when no data is provided",
          "invocations": 1,
          "location": null,
          "numPassingAsserts": 1,
          "retryReasons": [],
          "startAt": 1750826917107,
          "status": "passed",
          "title": "displays a message when no data is provided"
        },
        {
          "ancestorTitles": ["DailySalesChart"],
          "duration": 6,
          "failing": false,
          "failureDetails": [],
          "failureMessages": [],
          "fullName": "DailySalesChart renders correct number of data points (conceptual)",
          "invocations": 1,
          "location": null,
          "numPassingAsserts": 2,
          "retryReasons": [],
          "startAt": 1750826917115,
          "status": "passed",
          "title": "renders correct number of data points (conceptual)"
        },
        {
          "ancestorTitles": ["DailySalesChart"],
          "duration": 4,
          "failing": false,
          "failureDetails": [],
          "failureMessages": [],
          "fullName": "DailySalesChart formats dates correctly for XAxis (conceptual)",
          "invocations": 1,
          "location": null,
          "numPassingAsserts": 1,
          "retryReasons": [],
          "startAt": 1750826917121,
          "status": "passed",
          "title": "formats dates correctly for XAxis (conceptual)"
        }
      ],
      "endTime": 1750826917126,
      "message": "",
      "name": "/app/components/__tests__/DailySalesChart.test.tsx",
      "startTime": 1750826916170,
      "status": "passed",
      "summary": ""
    }
  ],
  "wasInterrupted": false
}
